Using pre-set license
Built from '2020.3/release' branch; Version is '2020.3.7f1 (dd97f2c94397) revision 14522354'; Using compiler version '192528614'; Build Type 'Release'
OS: 'Windows 10 Home; OS build 19043.1706; Version 2009; 64bit' Language: 'en' Physical Memory: 16305 MB
BatchMode: 1, IsHumanControllingUs: 0, StartBugReporterOnCrash: 0, Is64bit: 1, IsPro: 0

 COMMAND LINE ARGUMENTS:
C:\Program Files\Unity\Hub\Editor\2020.3.7f1\Editor\Unity.exe
-adb2
-batchMode
-noUpm
-name
AssetImportWorker0
-projectPath
C:/Users/Jackw/Desktop/visualstudiocode/UnityPdBasics
-logFile
Logs/AssetImportWorker0.log
-srvPort
53437
Successfully changed project path to: C:/Users/Jackw/Desktop/visualstudiocode/UnityPdBasics
C:/Users/Jackw/Desktop/visualstudiocode/UnityPdBasics
Using Asset Import Pipeline V2.
Refreshing native plugins compatible for Editor in 26.82 ms, found 5 plugins.
Preloading 0 native plugins for Editor in 0.00 ms.
Initialize engine version: 2020.3.7f1 (dd97f2c94397)
[Subsystems] Discovering subsystems at path C:/Program Files/Unity/Hub/Editor/2020.3.7f1/Editor/Data/Resources/UnitySubsystems
[Subsystems] Discovering subsystems at path C:/Users/Jackw/Desktop/visualstudiocode/UnityPdBasics/Assets
GfxDevice: creating device client; threaded=0
Direct3D:
    Version:  Direct3D 11.0 [level 11.1]
    Renderer: NVIDIA GeForce GTX 1660 SUPER (ID=0x21c4)
    Vendor:   
    VRAM:     5991 MB
    Driver:   30.0.14.9649
Initialize mono
Mono path[0] = 'C:/Program Files/Unity/Hub/Editor/2020.3.7f1/Editor/Data/Managed'
Mono path[1] = 'C:/Program Files/Unity/Hub/Editor/2020.3.7f1/Editor/Data/MonoBleedingEdge/lib/mono/unityjit'
Mono config path = 'C:/Program Files/Unity/Hub/Editor/2020.3.7f1/Editor/Data/MonoBleedingEdge/etc'
Using monoOptions --debugger-agent=transport=dt_socket,embedding=1,server=y,suspend=n,address=127.0.0.1:56540
Begin MonoManager ReloadAssembly
Registering precompiled unity dll's ...
Register platform support module: C:/Program Files/Unity/Hub/Editor/2020.3.7f1/Editor/Data/PlaybackEngines/WebGLSupport/UnityEditor.WebGL.Extensions.dll
Register platform support module: C:/Program Files/Unity/Hub/Editor/2020.3.7f1/Editor/Data/PlaybackEngines/MacStandaloneSupport/UnityEditor.OSXStandalone.Extensions.dll
Register platform support module: C:/Program Files/Unity/Hub/Editor/2020.3.7f1/Editor/Data/PlaybackEngines/WindowsStandaloneSupport/UnityEditor.WindowsStandalone.Extensions.dll
Registered in 0.002579 seconds.
Native extension for WindowsStandalone target not found
Native extension for OSXStandalone target not found
Native extension for WebGL target not found
Refreshing native plugins compatible for Editor in 27.83 ms, found 5 plugins.
Preloading 0 native plugins for Editor in 0.00 ms.
Mono: successfully reloaded assembly
- Completed reload, in  0.966 seconds
Platform modules already initialized, skipping
Registering precompiled user dll's ...
Registered in 0.004388 seconds.
Begin MonoManager ReloadAssembly
Native extension for WindowsStandalone target not found
Native extension for OSXStandalone target not found
Native extension for WebGL target not found
Refreshing native plugins compatible for Editor in 0.51 ms, found 5 plugins.
Preloading 0 native plugins for Editor in 0.00 ms.
Mono: successfully reloaded assembly
- Completed reload, in  0.697 seconds
Platform modules already initialized, skipping
========================================================================
Worker process is ready to serve import requests
Launched and connected shader compiler UnityShaderCompiler.exe after 0.05 seconds
Refreshing native plugins compatible for Editor in 0.47 ms, found 5 plugins.
Preloading 0 native plugins for Editor in 0.00 ms.
Unloading 1523 Unused Serialized files (Serialized files now loaded: 0)
System memory in use before: 69.7 MB.
System memory in use after: 69.8 MB.

Unloading 28 unused Assets to reduce memory usage. Loaded Objects now: 1951.
Total: 3.570900 ms (FindLiveObjects: 0.524500 ms CreateObjectMapping: 0.084700 ms MarkObjects: 2.869300 ms  DeleteObjects: 0.089300 ms)

========================================================================
Received Import Request.
  path: Assets/Plane.prefab
  artifactKey: Guid(5b5b84ce7aa112245ac325be3fdd4e9d) Importer(815301076,1909f56bfc062723c751e8b465ee728b)
Start importing Assets/Plane.prefab using Guid(5b5b84ce7aa112245ac325be3fdd4e9d) Importer(815301076,1909f56bfc062723c751e8b465ee728b)  -> (artifact id: '2a1a303043c6b483eca1e6064166abc0') in 0.085700 seconds
  Import took 0.088224 seconds .

========================================================================
Received Import Request.
  Time since last request: 0.000189 seconds.
  path: Assets/Tree.prefab
  artifactKey: Guid(e0fa0eb1cc7304146838f530d380086b) Importer(815301076,1909f56bfc062723c751e8b465ee728b)
Start importing Assets/Tree.prefab using Guid(e0fa0eb1cc7304146838f530d380086b) Importer(815301076,1909f56bfc062723c751e8b465ee728b)  -> (artifact id: 'b79e53ae3a580734ed60f9c359475b85') in 0.380452 seconds
  Import took 0.382476 seconds .

========================================================================
Received Import Request.
  Time since last request: 4.300012 seconds.
  path: Assets/new Scene.unity
  artifactKey: Guid(3c7634deab8d7d841989fb23402437f0) Importer(815301076,1909f56bfc062723c751e8b465ee728b)
Start importing Assets/new Scene.unity using Guid(3c7634deab8d7d841989fb23402437f0) Importer(815301076,1909f56bfc062723c751e8b465ee728b)  -> (artifact id: '8cc2f5c8f32ee712836a70ed31557bfa') in 0.006417 seconds
  Import took 0.009578 seconds .

========================================================================
Received Import Request.
  Time since last request: 68.056683 seconds.
  path: Assets/pixel horror abandoned classroom
  artifactKey: Guid(fc5a6fde025a4634a8045585837c925e) Importer(815301076,1909f56bfc062723c751e8b465ee728b)
Start importing Assets/pixel horror abandoned classroom using Guid(fc5a6fde025a4634a8045585837c925e) Importer(815301076,1909f56bfc062723c751e8b465ee728b)  -> (artifact id: '2a9227caa305b6f3a58e5f8c0afff4a8') in 0.006517 seconds
  Import took 0.009581 seconds .

========================================================================
Received Import Request.
  Time since last request: 72.981241 seconds.
  path: Assets/Prefabs/AmbientSound.prefab
  artifactKey: Guid(e1cb3cae9f1074e26b8f51bb5051d275) Importer(815301076,1909f56bfc062723c751e8b465ee728b)
Start importing Assets/Prefabs/AmbientSound.prefab using Guid(e1cb3cae9f1074e26b8f51bb5051d275) Importer(815301076,1909f56bfc062723c751e8b465ee728b)  -> (artifact id: 'c16d38c73aa2ef5278a1ebb9b20818df') in 0.031845 seconds
  Import took 0.034380 seconds .

========================================================================
Received Import Request.
  Time since last request: 0.000140 seconds.
  path: Assets/Prefabs/Spatial.prefab
  artifactKey: Guid(0aefb40ae84fc429e83a32446bf5b9d9) Importer(815301076,1909f56bfc062723c751e8b465ee728b)
Start importing Assets/Prefabs/Spatial.prefab using Guid(0aefb40ae84fc429e83a32446bf5b9d9) Importer(815301076,1909f56bfc062723c751e8b465ee728b)  -> (artifact id: '96160d5901da7e0fcaeb7b34259f36c9') in 0.017817 seconds
  Import took 0.020264 seconds .

========================================================================
Received Import Request.
  Time since last request: 0.000161 seconds.
  path: Assets/Prefabs/Proximity.prefab
  artifactKey: Guid(d4a8ff0d80b6a4e848c20b23acb4f846) Importer(815301076,1909f56bfc062723c751e8b465ee728b)
Start importing Assets/Prefabs/Proximity.prefab using Guid(d4a8ff0d80b6a4e848c20b23acb4f846) Importer(815301076,1909f56bfc062723c751e8b465ee728b)  -> (artifact id: '28f81f8a90ae986deb17cd3ab04f8e70') in 0.021949 seconds
  Import took 0.024952 seconds .

========================================================================
Received Import Request.
  Time since last request: 0.000254 seconds.
  path: Assets/Prefabs/BangButton.prefab
  artifactKey: Guid(72850955e4c9c4f7c9ee53f85aaf969f) Importer(815301076,1909f56bfc062723c751e8b465ee728b)
Start importing Assets/Prefabs/BangButton.prefab using Guid(72850955e4c9c4f7c9ee53f85aaf969f) Importer(815301076,1909f56bfc062723c751e8b465ee728b)  -> (artifact id: 'a1210aeda240a320dcc151ee05322513') in 0.016808 seconds
  Import took 0.019425 seconds .

========================================================================
Received Import Request.
  Time since last request: 0.000172 seconds.
  path: Assets/Prefabs/Player.prefab
  artifactKey: Guid(debaa5b575a344649b0fb73741be55c9) Importer(815301076,1909f56bfc062723c751e8b465ee728b)
Start importing Assets/Prefabs/Player.prefab using Guid(debaa5b575a344649b0fb73741be55c9) Importer(815301076,1909f56bfc062723c751e8b465ee728b)  -> (artifact id: 'd716b75a7957deb721d62ac6bc992036') in 0.011083 seconds
  Import took 0.013408 seconds .

========================================================================
Received Import Request.
  Time since last request: 113.241422 seconds.
  path: Assets/Materials
  artifactKey: Guid(0a1a77c533a424acb8debbe01710d54e) Importer(815301076,1909f56bfc062723c751e8b465ee728b)
Start importing Assets/Materials using Guid(0a1a77c533a424acb8debbe01710d54e) Importer(815301076,1909f56bfc062723c751e8b465ee728b)  -> (artifact id: '26b008c3757c2da16583e5a0b3470170') in 0.007244 seconds
  Import took 0.010669 seconds .

========================================================================
Received Prepare
Registering precompiled user dll's ...
Registered in 0.004667 seconds.
Begin MonoManager ReloadAssembly
Native extension for WindowsStandalone target not found
Native extension for OSXStandalone target not found
Native extension for WebGL target not found
Refreshing native plugins compatible for Editor in 0.49 ms, found 5 plugins.
Preloading 0 native plugins for Editor in 0.00 ms.
Mono: successfully reloaded assembly
- Completed reload, in  0.628 seconds
Platform modules already initialized, skipping
Refreshing native plugins compatible for Editor in 0.50 ms, found 5 plugins.
Preloading 0 native plugins for Editor in 0.00 ms.
Unloading 1518 Unused Serialized files (Serialized files now loaded: 0)
System memory in use before: 73.4 MB.
System memory in use after: 73.5 MB.

Unloading 24 unused Assets to reduce memory usage. Loaded Objects now: 2001.
Total: 2.607200 ms (FindLiveObjects: 0.281300 ms CreateObjectMapping: 0.037100 ms MarkObjects: 2.254700 ms  DeleteObjects: 0.032000 ms)

AssetImportWorkerClient::OnTransportError - code=2 error=End of file
